\BOOKMARK [1][-]{section.1}{Introduction}{}% 1
\BOOKMARK [1][-]{section.2}{Experimental setup}{}% 2
\BOOKMARK [2][-]{subsection.2.1}{Node architecture and memory}{section.2}% 3
\BOOKMARK [2][-]{subsection.2.2}{Serial compilation and execution}{section.2}% 4
\BOOKMARK [2][-]{subsection.2.3}{Compilation and execution of OpenMP programs}{section.2}% 5
\BOOKMARK [1][-]{section.3}{Strong vs. weak scalability}{}% 6
\BOOKMARK [2][-]{subsection.3.1}{Strong scalability}{section.3}% 7
\BOOKMARK [3][-]{subsubsection.3.1.1}{Boada 1-4}{subsection.3.1}% 8
\BOOKMARK [3][-]{subsubsection.3.1.2}{Boada 5}{subsection.3.1}% 9
\BOOKMARK [3][-]{subsubsection.3.1.3}{Boada 6-8}{subsection.3.1}% 10
\BOOKMARK [2][-]{subsection.3.2}{Weak scalability}{section.3}% 11
\BOOKMARK [3][-]{subsubsection.3.2.1}{Boada 1-4}{subsection.3.2}% 12
\BOOKMARK [3][-]{subsubsection.3.2.2}{Boada 5}{subsection.3.2}% 13
\BOOKMARK [3][-]{subsubsection.3.2.3}{Boada 6-8}{subsection.3.2}% 14
\BOOKMARK [1][-]{section.4}{Analysis of task decompositions for 3DFFT}{}% 15
\BOOKMARK [2][-]{subsection.4.1}{Original Version}{section.4}% 16
\BOOKMARK [2][-]{subsection.4.2}{Version 1}{section.4}% 17
\BOOKMARK [2][-]{subsection.4.3}{Version 2}{section.4}% 18
\BOOKMARK [2][-]{subsection.4.4}{Version 3}{section.4}% 19
\BOOKMARK [2][-]{subsection.4.5}{Version 4}{section.4}% 20
\BOOKMARK [2][-]{subsection.4.6}{Version 5}{section.4}% 21
\BOOKMARK [2][-]{subsection.4.7}{Analysis of the potential strong scalability in v4 and v5}{section.4}% 22
\BOOKMARK [2][-]{subsection.4.8}{Summary Table}{section.4}% 23
\BOOKMARK [1][-]{section.5}{Understanding the parallel execution of 3DFFT}{}% 24
\BOOKMARK [2][-]{subsection.5.1}{Initial version}{section.5}% 25
\BOOKMARK [2][-]{subsection.5.2}{Improving }{section.5}% 26
\BOOKMARK [2][-]{subsection.5.3}{Reducing parallelisation overheads}{section.5}% 27
\BOOKMARK [2][-]{subsection.5.4}{Conclusions}{section.5}% 28
